<?xml version="1.0" encoding="UTF-8"?>
<!-- Generated by org.testng.reporters.JUnitReportReporter -->
<testsuite hostname="Juans-MBP" name="com.guatec.ExampleTest" tests="1" failures="0" timestamp="11 Jan 2016 08:10:43 GMT" time="0.009" errors="0">
  <testcase name="testIsOk" time="0.009" classname="com.guatec.ExampleTest"/>
</testsuite> <!-- com.guatec.ExampleTest -->
